task_info 4 58124599671600 58124699379000 1207 
length_finished 0 58124731575400
length_finished 1 58124731581200
task_info 4 58124731640000 58124832509900 1214 
task_info 3 58124731661000 58124832509900 1524 
task_info 2 58124731641000 58124832509900 1519 
length_finished 0 58124832586500
length_finished 1 58124832593700
task_info 1 58124751243400 58124850511800 1209 
length_finished 1 58124850556700
length_finished 2 58124850562700
task_info 2 58124832598000 58124932244200 1520 
length_finished 0 58124932297900
length_finished 1 58124932303300
task_info 1 58124850608400 58124951510800 1213 
length_finished 1 58124951581800
length_finished 2 58124951593000
task_info 2 58124932311400 58125033520100 1521 
task_info 4 58124932301200 58125033512200 1603 
length_finished 0 58125033562000
length_finished 1 58125033574100
task_info 1 58124951644800 58125051511100 1210 
length_finished 1 58125051540600
length_finished 2 58125051546500
task_info 4 58125033568400 58125133511500 1605 
length_finished 0 58125133559500
length_finished 1 58125133565400
task_info 1 58125051598000 58125152510000 1511 
length_finished 1 58125152539100
length_finished 2 58125152557400
task_info 3 58125133563300 58125234511700 1551 
task_info 4 58124832608900 58124932244600 1601 
length_finished 0 58125234558200
length_finished 1 58125234563400
task_info 1 58125152595400 58125253512700 1593 
length_finished 1 58125253619500
length_finished 2 58125253633000
task_info 4 58125234563400 58125334514400 1595 
task_info 3 58124832597400 58124932244700 1526 
task_info 3 58124932303200 58125033512200 1537 
length_finished 0 58125334573000
task_info 3 58125033561700 58125133511500 1538 
task_info 3 58125234571800 58125334513800 1558 
length_finished 1 58125334583000
task_info 1 58125253694100 58125353507700 1587 
length_finished 1 58125353542700
length_finished 2 58125353547900
task_info 3 58125334588900 58125435509000 1211 
task_info 4 58125334602400 58125435509000 1597 
length_finished 0 58125435549900
length_finished 1 58125435554200
length_finished 1 58125435562000
length_finished 2 58125435564500
length_finished 2 58125435568100
length_finished 3 58125435570100
length_finished 3 58125435573300
length_finished 4 58125435575300
length_finished 4 58125435578500
length_finished 5 58125435580500
length_finished 5 58125435583600
length_finished 6 58125435585700
task_info 1 58125353599500 58125454507900 1589 
length_finished 6 58125454541400
length_finished 7 58125454547200
task_info 4 58125435556100 58125536511600 1599 
task_info 3 58125435589800 58125536516600 1581 
length_finished 0 58125536552200
length_finished 1 58125536556900
length_finished 1 58125536566300
length_finished 2 58125536568900
task_info 1 58125454616300 58125554511600 1591 
length_finished 2 58125554535900
length_finished 3 58125554540300
task_info 4 58125536572800 58125636510200 1215 
task_info 3 58125536573600 58125636510400 1583 
length_finished 0 58125636549800
length_finished 1 58125636554600
length_finished 1 58125636560600
length_finished 2 58125636565100
task_info 1 58125554581200 58125655027800 1585 
length_finished 2 58125655074500
length_finished 3 58125655080400
task_info 2 58125636553800 58125737027600 1530 
length_finished 0 58125737076500
length_finished 1 58125737081500
task_info 1 58125655142400 58125755030600 1571 
length_finished 1 58125755076300
length_finished 2 58125755082400
task_info 3 58125737080000 58125837031200 1573 
length_finished 0 58125837084800
length_finished 1 58125837092000
task_info 4 58125133576500 58125234511600 1607 
length_finished 1 58125837102500
length_finished 2 58125837106400
task_info 1 58125755131000 58125856029500 1565 
length_finished 2 58125856076400
length_finished 3 58125856086100
task_info 4 58125837112500 58125938027800 1602 
length_finished 0 58125938071100
length_finished 1 58125938075900
task_info 1 58125856143100 58125957026200 1567 
length_finished 1 58125957070600
length_finished 2 58125957075900
task_info 2 58125938075600 58126038024100 1533 
length_finished 0 58126038071200
length_finished 1 58126038075900
task_info 1 58125957114300 58126057022300 1577 
length_finished 1 58126057045200
length_finished 2 58126057049900
task_info 4 58125636564300 58125737027600 1575 
length_finished 0 58126057092300
length_finished 1 58126057095600
task_info 3 58126038080100 58126139024500 1212 
task_info 2 58126038084400 58126139024500 1534 
length_finished 0 58126139080400
length_finished 1 58126139086400
task_info 1 58126057110000 58126158024800 1509 
length_finished 1 58126158053400
length_finished 2 58126158057500
task_info 3 58125938096800 58126038024200 1594 
length_finished 0 58126158099200
length_finished 1 58126158102500
length_finished 0 58126158116900
length_finished 1 58126158120500
task_info 3 58126139117500 58126240024800 1561 
length_finished 0 58126240072600
length_finished 1 58126240077000
task_info 3 58125837093400 58125938023000 1208 
length_finished 1 58126240085100
length_finished 2 58126240087600
task_info 4 58125938083800 58126038024200 1517 
length_finished 2 58126240097200
length_finished 3 58126240099700
task_info 1 58126158134100 58126258025900 1507 
length_finished 3 58126258095900
length_finished 4 58126258102100
task_info 2 58126240072300 58126340027500 1536 
task_info 3 58125636587100 58125737027600 1579 
task_info 4 58125737080000 58125837030200 1563 
length_finished 0 58126340071700
task_info 3 58126240109000 58126340026900 1586 
length_finished 1 58126340078600
task_info 1 58126258165400 58126359024300 1493 
length_finished 1 58126359052900
length_finished 2 58126359061800
task_info 2 58126340088100 58126441026500 1539 
length_finished 0 58126441071400
length_finished 1 58126441076000
task_info 1 58126359102900 58126459024700 1503 
length_finished 1 58126459054600
length_finished 2 58126459062100
task_info 4 58126441073400 58126541025300 1606 
task_info 3 58126441073400 58126541025400 1596 
length_finished 0 58126541065500
length_finished 1 58126541070000
task_info 1 58126459113600 58126560027300 1513 
length_finished 1 58126560049200
length_finished 2 58126560053000
task_info 4 58126240072300 58126340026900 1501 
length_finished 0 58126560094000
length_finished 1 58126560097500
task_info 2 58126541080000 58126642069400 1541 
task_info 3 58126541086300 58126642069400 1570 
length_finished 0 58126642111900
length_finished 1 58126642116400
task_info 4 58126340080700 58126441026400 1604 
task_info 1 58126560111000 58126661296600 1485 
length_finished 1 58126661343100
length_finished 2 58126661354500
task_info 4 58126642123800 58126742290600 1477 
task_info 3 58126340080600 58126441026400 1578 
length_finished 0 58126742339500
length_finished 1 58126742344500
length_finished 1 58126742352700
length_finished 2 58126742355300
task_info 4 58126139081900 58126240024900 1515 
length_finished 2 58126742359500
length_finished 3 58126742361800
task_info 1 58126661409700 58126761366600 1495 
length_finished 3 58126761424000
length_finished 4 58126761432100
task_info 4 58126038081400 58126139024500 1569 
length_finished 0 58126761557100
length_finished 1 58126761569800
length_finished 0 58126761604600
length_finished 1 58126761609200
length_finished 0 58126761633300
length_finished 1 58126761638200
length_finished 0 58126761669200
length_finished 1 58126761675800
task_info 3 58126742353900 58126842944700 1562 
task_info 4 58126742365700 58126842944800 1469 
length_finished 0 58126843003400
task_info 3 58126642132500 58126742290600 1598 
length_finished 1 58126843008400
task_info 1 58126761706000 58126861901500 1505 
length_finished 1 58126861925500
length_finished 2 58126861929600
task_info 3 58126843030700 58126943899000 1590 
task_info 2 58126843001800 58126943899000 1544 
length_finished 0 58126943947600
length_finished 1 58126943952700
task_info 1 58126861968700 58126961901100 1491 
length_finished 1 58126961954500
length_finished 2 58126961964100
task_info 4 58126943949700 58127043943300 1483 
length_finished 0 58127043992000
length_finished 1 58127043997100
length_finished 1 58127044004900
length_finished 2 58127044007300
length_finished 2 58127044011200
length_finished 3 58127044013300
task_info 4 58126541081100 58126642069400 1499 
length_finished 3 58127044017200
length_finished 4 58127044019500
task_info 1 58126962015900 58127062899200 1461 
length_finished 4 58127062924800
length_finished 5 58127062928900
task_info 3 58127043992500 58127144946200 1475 
length_finished 0 58127144994800
length_finished 1 58127144999200
task_info 1 58127062978200 58127162945600 1487 
length_finished 1 58127162971200
length_finished 2 58127162976800
task_info 4 58127144992100 58127244906300 1582 
task_info 4 58126843012200 58126943902500 1497 
length_finished 0 58127244951800
length_finished 1 58127244957100
length_finished 1 58127244967200
length_finished 2 58127244971400
task_info 1 58127163025700 58127263901000 1481 
length_finished 2 58127263938800
length_finished 3 58127263943000
task_info 2 58127244955300 58127345946300 1548 
task_info 3 58127244959900 58127345946300 1566 
length_finished 0 58127345990200
length_finished 1 58127345994900
task_info 1 58127263990900 58127364942400 1467 
length_finished 1 58127364963600
length_finished 2 58127364967600
task_info 4 58127044023700 58127144946200 1588 
length_finished 0 58127365009400
length_finished 1 58127365012700
task_info 4 58127345995300 58127445899900 1473 
task_info 2 58127346003100 58127445899600 1549 
length_finished 0 58127445943500
length_finished 1 58127445948600
task_info 3 58126943960200 58127043943200 1489 
length_finished 1 58127445957200
length_finished 2 58127445960000
task_info 1 58127365037900 58127464897500 1471 
length_finished 2 58127464919800
length_finished 3 58127464923900
task_info 3 58127145006600 58127244906500 1574 
length_finished 0 58127464968400
length_finished 1 58127464972300
length_finished 0 58127464987400
length_finished 1 58127464990200
task_info 3 58127445946500 58127546905100 1518 
length_finished 0 58127546953500
length_finished 1 58127546960200
length_finished 1 58127546969500
length_finished 2 58127546973100
task_info 1 58127465001200 58127565897700 1453 
length_finished 2 58127565918400
length_finished 3 58127565922100
task_info 3 58127546958900 58127647900700 1465 
task_info 4 58127244976200 58127345946300 1479 
length_finished 0 58127647949400
length_finished 1 58127647954400
task_info 1 58127565965600 58127665897400 1455 
length_finished 1 58127665915700
length_finished 2 58127665919600
task_info 4 58127647955200 58127747901100 1502 
length_finished 0 58127747953400
length_finished 1 58127747958100
task_info 1 58127665954500 58127766946300 1457 
length_finished 1 58127766974500
length_finished 2 58127766979800
task_info 3 58127345996000 58127445900400 1514 
length_finished 0 58127767029400
length_finished 1 58127767033900
task_info 3 58127747948500 58127848900500 1449 
task_info 4 58127546977900 58127647900700 1510 
length_finished 0 58127848952500
length_finished 1 58127848962400
task_info 1 58127767051500 58127866898300 1445 
length_finished 1 58127866919600
length_finished 2 58127866923900
task_info 3 58127848977100 58127948902400 1494 
length_finished 0 58127948952500
length_finished 1 58127948958300
task_info 1 58127866965100 58127967912700 1431 
length_finished 1 58127967933800
length_finished 2 58127967941200
task_info 3 58127948965500 58128049898800 1425 
task_info 4 58127747972100 58127848900500 1441 
length_finished 0 58128049958100
length_finished 1 58128049966000
length_finished 1 58128049974900
length_finished 2 58128049984400
task_info 4 58127445963500 58127546905100 1463 
length_finished 2 58128049988800
length_finished 3 58128049991100
length_finished 3 58128049994900
length_finished 4 58128049997000
task_info 1 58127968007400 58128068903600 1417 
length_finished 4 58128068929000
length_finished 5 58128068933400
length_finished 0 58128068996500
length_finished 1 58128069004900
length_finished 0 58128069030000
length_finished 1 58128069043800
task_info 4 58128049956400 58128150901000 1437 
length_finished 0 58128150945600
length_finished 1 58128150951700
task_info 4 58127848962000 58127948902400 1439 
length_finished 1 58128150960300
length_finished 2 58128150963000
task_info 1 58128069065300 58128168898500 1423 
length_finished 2 58128168928900
length_finished 3 58128168939100
task_info 3 58128150946200 58128250900700 1486 
task_info 4 58128150967100 58128250900700 1506 
length_finished 0 58128250970700
task_info 4 58127948949400 58128049898800 1433 
length_finished 1 58128250980800
task_info 1 58128169000400 58128269900400 1409 
length_finished 1 58128269940300
length_finished 2 58128269946100
task_info 4 58128250984800 58128351904600 1478 
length_finished 0 58128351954100
length_finished 1 58128351960900
task_info 2 58125033600100 58125133511500 1522 
length_finished 1 58128351970600
length_finished 2 58128351974000
task_info 2 58125133563300 58125234511700 1523 
length_finished 2 58128351979100
length_finished 3 58128351982300
task_info 2 58125234567500 58125334513800 1525 
length_finished 3 58128351987000
length_finished 4 58128351990100
task_info 2 58125334577000 58125435509000 1527 
length_finished 4 58128351994700
length_finished 5 58128351997800
task_info 2 58125435553100 58125536511700 1528 
length_finished 5 58128352009400
length_finished 6 58128352015700
task_info 2 58125536556300 58125636510100 1529 
length_finished 6 58128352021700
length_finished 7 58128352028600
task_info 2 58125737090400 58125837030700 1531 
length_finished 7 58128352033700
length_finished 8 58128352036900
task_info 2 58125837084200 58125938023000 1532 
length_finished 8 58128352041500
length_finished 9 58128352044800
length_finished 9 58128352049300
length_finished 10 58128352052500
task_info 2 58126139084100 58126240024900 1535 
length_finished 10 58128352057700
length_finished 11 58128352061400
task_info 2 58126441084100 58126541025000 1540 
length_finished 11 58128352066200
length_finished 12 58128352069400
task_info 2 58126642125900 58126742290600 1542 
length_finished 12 58128352074100
length_finished 13 58128352077300
task_info 2 58126742337800 58126842944800 1543 
length_finished 13 58128352082000
length_finished 14 58128352085000
length_finished 14 58128352089600
length_finished 15 58128352092900
task_info 2 58126943954900 58127043943200 1545 
length_finished 15 58128352097600
length_finished 16 58128352100700
task_info 2 58127043989200 58127144946200 1546 
length_finished 16 58128352105300
length_finished 17 58128352108500
task_info 2 58127144993400 58127244906500 1547 
length_finished 17 58128352129200
length_finished 18 58128352132900
length_finished 18 58128352137500
length_finished 19 58128352140700
task_info 2 58127445945500 58127546905100 1550 
length_finished 19 58128352145300
length_finished 20 58128352148500
task_info 2 58127546954600 58127647900700 1552 
length_finished 20 58128352155500
length_finished 21 58128352158700
task_info 2 58127647947700 58127747901100 1553 
length_finished 21 58128352163300
length_finished 22 58128352166400
task_info 2 58127747948500 58127848900500 1554 
length_finished 22 58128352171200
length_finished 23 58128352174300
task_info 2 58127848951800 58127948902400 1555 
length_finished 23 58128352180500
length_finished 24 58128352183600
task_info 2 58127948949400 58128049904300 1556 
length_finished 24 58128352188200
length_finished 25 58128352196400
task_info 2 58128049952100 58128150901200 1557 
length_finished 25 58128352201800
length_finished 26 58128352204900
task_info 2 58128150946900 58128250900700 1559 
length_finished 26 58128352211300
length_finished 27 58128352214400
task_info 2 58128250964500 58128351904600 1560 
length_finished 27 58128352218800
length_finished 28 58128352223600
length_finished 28 58128352229100
length_finished 29 58128352236300
task_info 1 58128269998000 58128369898000 1459 
length_finished 29 58128369920400
length_finished 30 58128369924000
task_info 4 58128351956600 58128451900200 1401 
task_info 3 58127647962200 58127747901100 1447 
length_finished 0 58128451945300
length_finished 1 58128451950300
task_info 3 58128050001600 58128150901300 1580 
length_finished 1 58128451958700
length_finished 2 58128451961200
task_info 1 58128370052400 58128470897400 1429 
length_finished 2 58128470927200
length_finished 3 58128470934600
task_info 3 58128451948800 58128552898800 1490 
task_info 4 58128451964600 58128552968200 1393 
task_info 2 58128352241700 58128451900600 1415 
length_finished 0 58128553012400
length_finished 1 58128553024100
task_info 3 58128251003100 58128351904600 1498 
length_finished 1 58128553061400
length_finished 2 58128553065700
task_info 1 58128470976500 58128570901900 1407 
length_finished 2 58128570934900
length_finished 3 58128570939500
task_info 4 58128553028700 58128652899700 1399 
length_finished 0 58128652946100
length_finished 1 58128652950700
task_info 2 58128451948600 58128552898800 1451 
length_finished 1 58128652958600
length_finished 2 58128652961200
length_finished 2 58128652965500
length_finished 3 58128652967800
length_finished 3 58128652971500
length_finished 4 58128652973700
task_info 1 58128570993300 58128671897900 1385 
length_finished 4 58128671914500
length_finished 5 58128671918400
length_finished 0 58128671972200
length_finished 1 58128671975800
task_info 3 58128652948800 58128753898800 1462 
task_info 3 58128351957100 58128451899800 1470 
length_finished 0 58128753943500
length_finished 1 58128753950500
length_finished 1 58128753958400
length_finished 2 58128753961000
task_info 1 58128671988800 58128772897600 1413 
length_finished 2 58128772924200
length_finished 3 58128772929600
length_finished 0 58128772981900
length_finished 1 58128772986700
task_info 2 58128652947700 58128753898700 1391 
length_finished 0 58128773004500
length_finished 1 58128773008400
length_finished 0 58128773026200
length_finished 1 58128773029900
length_finished 0 58128773046400
length_finished 1 58128773050200
task_info 2 58128753947300 58128854900400 1377 
task_info 3 58128753965000 58128854900000 1454 
task_info 3 58128553071600 58128652900500 1482 
task_info 4 58128652977000 58128753898800 1474 
length_finished 0 58128854943500
length_finished 1 58128854948400
task_info 1 58128773065600 58128872898200 1383 
length_finished 1 58128872918000
length_finished 2 58128872925700
task_info 2 58128553008000 58128652900000 1421 
length_finished 0 58128872964400
length_finished 1 58128872967900
length_finished 0 58128872982700
length_finished 1 58128872985400
task_info 2 58128854956600 58128954899700 1592 
task_info 4 58128854947100 58128954900000 1572 
length_finished 0 58128954938400
length_finished 1 58128954943200
length_finished 1 58128954955000
length_finished 2 58128954957500
task_info 1 58128872998900 58128973947300 1405 
length_finished 2 58128973969800
length_finished 3 58128973976100
length_finished 0 58128974043200
length_finished 1 58128974049400
task_info 3 58128954947000 58129055901200 1584 
length_finished 0 58129055943600
length_finished 1 58129055948200
task_info 1 58128974069300 58129073903700 1369 
length_finished 1 58129073926800
length_finished 2 58129073932100
task_info 4 58128753953100 58128854899800 1600 
length_finished 0 58129073988500
length_finished 1 58129073994300
task_info 2 58129055947800 58129155900600 1361 
task_info 4 58129055948600 58129155900600 1576 
length_finished 0 58129155946200
length_finished 1 58129155953800
task_info 1 58129074014000 58129174899900 1397 
length_finished 1 58129174917800
length_finished 2 58129174921600
task_info 4 58129155946500 58129256900000 1466 
length_finished 0 58129256951500
length_finished 1 58129256956500
task_info 1 58129174957500 58129275909100 1367 
length_finished 1 58129275938300
length_finished 2 58129275950400
task_info 4 58129256964400 58129356911100 1430 
task_info 3 58129256942800 58129356911200 1568 
task_info 2 58128954961300 58129055900900 1375 
length_finished 0 58129356959100
length_finished 1 58129356963900
task_info 4 58128954942900 58129055901200 1446 
length_finished 1 58129356973500
length_finished 2 58129356976000
length_finished 2 58129356980200
length_finished 3 58129356982400
task_info 1 58129276013600 58129375916100 1353 
length_finished 3 58129375941300
length_finished 4 58129375945800
task_info 3 58129055955600 58129155900600 1516 
length_finished 0 58129375998400
length_finished 1 58129376003200
task_info 3 58129155947500 58129256900500 1438 
length_finished 0 58129376018500
length_finished 1 58129376021700
task_info 4 58129356986000 58129457910800 1422 
task_info 3 58129356964500 58129457910800 1381 
length_finished 0 58129457960600
length_finished 1 58129457965700
task_info 1 58129376033000 58129476918200 1351 
length_finished 1 58129476950900
length_finished 2 58129476955400
task_info 3 58129457962300 58129558915500 1343 
task_info 4 58129457975000 58129558915100 1443 
length_finished 0 58129558975000
length_finished 1 58129558982800
task_info 1 58129476995900 58129576915300 1337 
length_finished 1 58129576958900
length_finished 2 58129576964400
task_info 4 58129558980900 58129658914200 1365 
length_finished 0 58129658965500
length_finished 1 58129658970900
task_info 2 58129256947200 58129356911200 1359 
length_finished 1 58129658979100
length_finished 2 58129658982400
task_info 2 58129155961800 58129256907000 1389 
length_finished 2 58129658986500
length_finished 3 58129658988800
task_info 1 58129577019200 58129677921000 1427 
length_finished 3 58129677978600
length_finished 4 58129677985300
task_info 2 58129658964800 58129759911200 1419 
length_finished 0 58129759965700
length_finished 1 58129759971600
task_info 2 58129558981500 58129658910700 1335 
length_finished 1 58129759981700
length_finished 2 58129759985500
task_info 2 58129457958900 58129558915200 1373 
length_finished 2 58129759994100
length_finished 3 58129759997500
task_info 1 58129678043100 58129777922700 1349 
length_finished 3 58129777973100
length_finished 4 58129777982300
task_info 4 58129759968700 58129859911800 1512 
length_finished 0 58129859982400
length_finished 1 58129859988300
task_info 3 58129658963700 58129759917600 1357 
length_finished 1 58129859997500
length_finished 2 58129860000400
task_info 1 58129778064200 58129878914400 1319 
length_finished 2 58129878961600
length_finished 3 58129878977500
length_finished 0 58129879036900
length_finished 1 58129879042200
task_info 2 58129760002200 58129859911800 1411 
length_finished 0 58129879069600
length_finished 1 58129879074200
task_info 4 58129860004200 58129960910900 1311 
length_finished 0 58129960960600
length_finished 1 58129960965600
task_info 1 58129879086400 58129979910800 1333 
length_finished 1 58129979955300
length_finished 2 58129979959900
task_info 3 58129960958500 58130060912400 1325 
length_finished 0 58130060954200
length_finished 1 58130060962500
task_info 2 58129859983500 58129960910900 1341 
length_finished 1 58130060971200
length_finished 2 58130060973900
task_info 1 58129980002000 58130079911500 1295 
length_finished 2 58130080102200
length_finished 3 58130080112300
task_info 4 58130060956200 58130161912200 1317 
length_finished 0 58130161956400
length_finished 1 58130161961300
task_info 1 58130080191700 58130180910400 1321 
length_finished 1 58130180964000
length_finished 2 58130180971600
task_info 4 58130161969100 58130262924300 1313 
length_finished 0 58130262963500
length_finished 1 58130262968700
task_info 1 58130181028100 58130280913300 1371 
length_finished 1 58130280955200
length_finished 2 58130280960800
task_info 4 58130262976700 58130362913500 1293 
task_info 3 58130262965300 58130362913600 1287 
length_finished 0 58130362967900
length_finished 1 58130362972800
task_info 1 58130281004500 58130381914500 1285 
length_finished 1 58130381974100
length_finished 2 58130381982500
task_info 3 58130060977900 58130161912100 1387 
length_finished 0 58130382049300
length_finished 1 58130382057300
task_info 4 58130362981300 58130463909900 1289 
task_info 3 58130362970700 58130463909900 1297 
task_info 2 58130362969700 58130463912200 1305 
length_finished 0 58130463954000
length_finished 1 58130463958700
task_info 1 58130382072700 58130481911500 1281 
length_finished 1 58130481953800
length_finished 2 58130481958200
task_info 3 58130161959400 58130262909800 1309 
length_finished 0 58130482002200
length_finished 1 58130482006100
task_info 2 58130463956000 58130563912600 1363 
task_info 2 58130262966600 58130362912600 1301 
task_info 3 58129558993100 58129658913100 1435 
length_finished 0 58130563957500
task_info 4 58129658992200 58129759911200 1414 
length_finished 1 58130563962300
task_info 3 58129859981900 58129960910900 1403 
task_info 2 58129960956100 58130060912000 1303 
length_finished 1 58130563968900
length_finished 2 58130563974900
task_info 3 58130463957400 58130563912700 1277 
length_finished 2 58130563982700
length_finished 3 58130563986400
task_info 2 58130060955700 58130161912100 1329 
length_finished 3 58130563991800
length_finished 4 58130563995300
task_info 3 58129759968800 58129859911800 1327 
length_finished 4 58130564000400
length_finished 5 58130564003600
length_finished 5 58130564008500
length_finished 6 58130564011800
task_info 1 58130482018400 58130582913900 1269 
length_finished 6 58130582961500
length_finished 7 58130582966600
length_finished 0 58130583043900
length_finished 1 58130583048600
length_finished 0 58130583067600
length_finished 1 58130583071500
task_info 4 58130564016200 58130664912200 1398 
task_info 4 58130463967100 58130563913000 1406 
length_finished 0 58130664960400
length_finished 1 58130664965600
task_info 1 58130583089900 58130683911500 1355 
length_finished 1 58130683969900
length_finished 2 58130683977000
task_info 4 58130664975000 58130764909600 1261 
task_info 2 58130664958700 58130764911000 1279 
task_info 3 58130563957800 58130664912600 1273 
length_finished 0 58130764952500
length_finished 1 58130764957300
length_finished 1 58130764979800
length_finished 2 58130764983100
length_finished 2 58130764987300
length_finished 3 58130764989400
task_info 1 58130684022100 58130783911100 1253 
length_finished 3 58130783953500
length_finished 4 58130783958400
task_info 3 58130764954200 58130865910100 1257 
task_info 2 58130764956100 58130865910000 1347 
length_finished 0 58130865956300
length_finished 1 58130865963000
length_finished 1 58130865972800
length_finished 2 58130865976400
length_finished 2 58130865981700
length_finished 3 58130865995800
length_finished 3 58130866001300
length_finished 4 58130866004600
task_info 1 58130784025200 58130884910100 1263 
length_finished 4 58130884949300
length_finished 5 58130884953700
task_info 3 58130866009000 58130966912500 1374 
task_info 4 58130865966300 58130966921000 1382 
task_info 3 58130664958900 58130764909600 1271 
task_info 2 58130563973900 58130664917300 1265 
task_info 3 58128854949300 58128954900400 1564 
task_info 2 58130865965300 58130966912100 1245 
length_finished 0 58130966964200
length_finished 1 58130966970800
task_info 1 58130885007600 58130984910100 1249 
length_finished 1 58130984950300
length_finished 2 58130984954700
task_info 4 58130764992700 58130865910100 1390 
length_finished 0 58130984999500
length_finished 1 58130985003400
length_finished 0 58130985017500
length_finished 1 58130985020200
length_finished 0 58130985033700
length_finished 1 58130985036300
task_info 3 58130966984700 58131066911100 1450 
task_info 2 58130966961600 58131066911700 1237 
task_info 2 58130161958200 58130262909800 1379 
length_finished 0 58131066951900
length_finished 1 58131066956300
task_info 1 58130985047400 58131085912400 1241 
length_finished 1 58131085952200
length_finished 2 58131085956700
task_info 2 58131066958700 58131167911500 1255 
task_info 4 58131066955300 58131167911500 1366 
length_finished 0 58131167950900
task_info 4 58129960974100 58130060912000 1395 
length_finished 1 58131167955300
task_info 4 58130966965500 58131066911600 1458 
length_finished 1 58131167961100
length_finished 2 58131167965400
length_finished 2 58131167971300
length_finished 3 58131167973800
length_finished 3 58131167977900
length_finished 4 58131167980300
task_info 1 58131085996000 58131185918200 1331 
length_finished 4 58131185959400
length_finished 5 58131185963500
task_info 3 58131167951800 58131267911800 1229 
task_info 3 58131066965100 58131167911400 1339 
task_info 2 58131167964600 58131267922800 1247 
length_finished 0 58131267961200
length_finished 1 58131267965800
task_info 1 58131186011900 58131286912000 1221 
length_finished 1 58131286949000
length_finished 2 58131286953000
task_info 3 58131267974300 58131368912700 1231 
task_info 4 58131267962700 58131368912700 1239 
task_info 2 58131267966300 58131368912700 1315 
length_finished 0 58131368958200
length_finished 1 58131368962900
length_finished 1 58131368972700
length_finished 2 58131368979600
task_info 4 58131167983800 58131267911800 1323 
length_finished 2 58131368984200
length_finished 3 58131368986500
length_finished 3 58131368990500
length_finished 4 58131368992600
length_finished 4 58131369010000
length_finished 5 58131369012900
length_finished 5 58131369016800
length_finished 6 58131369019000
length_finished 6 58131369022700
length_finished 7 58131369024900
length_finished 7 58131369030100
length_finished 8 58131369032300
length_finished 8 58131369035800
length_finished 9 58131369038000
task_info 1 58131286991200 58131387910400 1223 
length_finished 9 58131387969200
length_finished 10 58131387973400
length_finished 0 58131388056400
length_finished 1 58131388060100
length_finished 0 58131388074200
length_finished 1 58131388076900
length_finished 0 58131388090100
length_finished 1 58131388092700
task_info 2 58129356964000 58129457910800 1345 
length_finished 0 58131388106400
length_finished 1 58131388109100
task_info 4 58131368961000 58131468913400 1233 
task_info 3 58131369041600 58131468913400 1358 
length_finished 0 58131468955800
length_finished 1 58131468961100
length_finished 1 58131468967900
length_finished 2 58131468977300
length_finished 2 58131468992300
length_finished 3 58131468996800
task_info 1 58131388125700 58131487910400 1225 
length_finished 3 58131487955500
length_finished 4 58131487961200
length_finished 0 58131488030100
length_finished 1 58131488035000
task_info 3 58131469002000 58131569911700 1334 
task_info 2 58131468956200 58131569911700 1350 
length_finished 0 58131569950400
length_finished 1 58131569960400
length_finished 1 58131569969100
length_finished 2 58131569971700
task_info 1 58131488055000 58131588912000 1326 
length_finished 2 58131588952200
length_finished 3 58131588956500
task_info 4 58131468970000 58131569911700 1342 
length_finished 0 58131589005000
length_finished 1 58131589009300
task_info 2 58131569953100 58131670911300 1504 
task_info 4 58131569954200 58131670912100 1318 
length_finished 0 58131670954700
length_finished 1 58131670959500
task_info 3 58131569975300 58131670912800 1310 
length_finished 1 58131670969500
length_finished 2 58131670972100
length_finished 2 58131670976500
length_finished 3 58131670978700
task_info 1 58131589023700 58131688910500 1442 
length_finished 3 58131688951200
length_finished 4 58131688955800
length_finished 0 58131689009000
length_finished 1 58131689012900
task_info 3 58131670973400 58131770911700 1488 
task_info 4 58131670955300 58131770912800 1496 
length_finished 0 58131770956100
length_finished 1 58131770975800
length_finished 1 58131770984800
length_finished 2 58131770987600
task_info 1 58131689025200 58131789948300 1302 
length_finished 2 58131790000700
length_finished 3 58131790008500
task_info 4 58131770961500 58131871910000 1434 
task_info 3 58131770992200 58131871911800 1294 
length_finished 0 58131871948500
length_finished 1 58131871952700
task_info 2 58131770961100 58131871910000 1217 
length_finished 1 58131871979800
length_finished 2 58131871984100
task_info 2 58131368963000 58131468913400 1307 
length_finished 2 58131872005500
length_finished 3 58131872009200
task_info 1 58131790117300 58131889910600 1472 
length_finished 3 58131889970700
length_finished 4 58131889977000
task_info 2 58131670983700 58131770912300 1480 
length_finished 0 58131890049300
length_finished 1 58131890055600
length_finished 0 58131890076000
length_finished 1 58131890080400
task_info 2 58131872017700 58131971912900 1286 
task_info 3 58131871957100 58131971912400 1464 
length_finished 0 58131971957500
length_finished 1 58131971962200
length_finished 1 58131971972500
length_finished 2 58131971975300
task_info 1 58131890096500 58131990910100 1278 
length_finished 2 58131990962700
length_finished 3 58131990968300
task_info 2 58131971982200 58132073011700 1262 
task_info 4 58131871967200 58131971912400 1456 
length_finished 0 58132073107500
length_finished 1 58132073133800
task_info 1 58131991019400 58132091911100 1448 
length_finished 1 58132091958000
length_finished 2 58132092061500
length_finished 0 58132092124100
length_finished 1 58132092129400
task_info 3 58132073159700 58132172925100 1418 
task_info 4 58132073119500 58132172924600 1291 
length_finished 0 58132172972500
length_finished 1 58132172981000
length_finished 1 58132172999700
length_finished 2 58132173006800
task_info 3 58131971960700 58132073011700 1426 
length_finished 2 58132173013100
task_info 2 58132073089000 58132173002400 1299 
length_finished 3 58132173016200
task_info 1 58132092149700 58132191912100 1508 
length_finished 3 58132191963100
length_finished 4 58132191967700
task_info 4 58132172972900 58132273911900 1254 
task_info 2 58132173023700 58132273911900 1246 
length_finished 0 58132273957700
length_finished 1 58132273962700
task_info 1 58132192025600 58132292914800 1238 
length_finished 1 58132292961000
length_finished 2 58132292967200
length_finished 0 58132293025600
length_finished 1 58132293031200
task_info 4 58132273972700 58132374911800 1275 
task_info 2 58132273966100 58132374911900 1283 
task_info 3 58132173022100 58132273911900 1410 
length_finished 0 58132374955600
length_finished 1 58132374960500
length_finished 1 58132374969600
length_finished 2 58132374972100
length_finished 2 58132374976100
length_finished 3 58132374978300
task_info 3 58132273965000 58132374911900 1500 
length_finished 3 58132374981700
length_finished 4 58132374983900
length_finished 4 58132374987600
length_finished 5 58132374990100
task_info 1 58132293052400 58132392910700 1402 
length_finished 5 58132392983400
length_finished 6 58132392988900
task_info 4 58132374996400 58132474912300 1394 
task_info 2 58132374960600 58132474911800 1267 
length_finished 0 58132474961700
length_finished 1 58132474968500
length_finished 1 58132474978900
length_finished 2 58132474982600
length_finished 2 58132474988200
length_finished 3 58132474991500
task_info 1 58132393064300 58132493913700 1492 
length_finished 3 58132493969900
length_finished 4 58132493976200
length_finished 0 58132494049600
length_finished 1 58132494055100
length_finished 0 58132494076800
length_finished 1 58132494081100
task_info 4 58132474996200 58132575912000 1259 
task_info 3 58132474959600 58132575910200 1386 
task_info 4 58131971961900 58132073011700 1270 
length_finished 0 58132575950900
length_finished 1 58132575956100
task_info 1 58132494101500 58132593911700 1378 
length_finished 1 58132593973100
length_finished 2 58132593979600
task_info 3 58132374958900 58132474912300 1230 
length_finished 0 58132594036600
length_finished 1 58132594041300
length_finished 0 58132594064700
length_finished 1 58132594068600
task_info 4 58132575970000 58132675914500 1370 
task_info 2 58132575958000 58132675912800 1251 
length_finished 0 58132675964900
task_info 3 58132575958400 58132675914000 1484 
length_finished 1 58132675971200
length_finished 1 58132675983800
length_finished 2 58132676001700
task_info 1 58132594086000 58132694911500 1440 
length_finished 2 58132694960200
length_finished 3 58132694966200
task_info 4 58132675984400 58132776911700 1432 
task_info 2 58132474959900 58132575910200 1222 
length_finished 0 58132776959500
length_finished 1 58132776964400
length_finished 1 58132776973800
length_finished 2 58132776976500
task_info 1 58132695024000 58132795913600 1354 
length_finished 2 58132795962200
length_finished 3 58132795968100
task_info 3 58132776958000 58132877958200 1424 
task_info 2 58132675972900 58132776911600 1362 
length_finished 0 58132878006700
length_finished 1 58132878011500
length_finished 1 58132878018400
length_finished 2 58132878025600
task_info 1 58132796028800 58132895912700 1476 
length_finished 2 58132895953500
length_finished 3 58132895958200
length_finished 0 58132896009800
length_finished 1 58132896013600
task_info 3 58132878021900 58132977910900 1400 
task_info 4 58132878032900 58132977910900 1392 
task_info 2 58132776961900 58132877958300 1416 
length_finished 0 58132977966500
length_finished 1 58132977970900
task_info 1 58132896029400 58132996913700 1384 
length_finished 1 58132996950200
length_finished 2 58132996954300
task_info 4 58132776980600 58132877958300 1408 
length_finished 0 58132996996700
length_finished 1 58132997000100
task_info 3 58132977979600 58133078912800 1360 
task_info 4 58132977971200 58133078913400 1368 
task_info 2 58132977969600 58133078913200 1376 
length_finished 0 58133078963300
length_finished 1 58133078969800
task_info 1 58132997014700 58133096913400 1468 
length_finished 1 58133096953500
length_finished 2 58133096957900
length_finished 0 58133097012300
length_finished 1 58133097016300
task_info 3 58133078996400 58133178913600 1336 
task_info 2 58132878013000 58132977910900 1235 
task_info 4 58133078970300 58133178913600 1352 
length_finished 0 58133178955800
length_finished 1 58133178960200
task_info 3 58132676014100 58132776911600 1243 
length_finished 1 58133178966600
length_finished 2 58133178971900
length_finished 2 58133178977000
length_finished 3 58133178979200
length_finished 3 58133178982400
length_finished 4 58133178984500
length_finished 4 58133178987300
length_finished 5 58133178989500
length_finished 5 58133178993200
length_finished 6 58133178995300
length_finished 6 58133178998400
length_finished 7 58133179000600
task_info 1 58133097029300 58133197910300 1328 
length_finished 7 58133197957300
length_finished 8 58133197963800
task_info 4 58133179004000 58133279913900 1320 
task_info 2 58133078971000 58133178914200 1344 
task_info 3 58133178968400 58133279913900 1219 
length_finished 0 58133279957900
length_finished 1 58133279963000
task_info 1 58133198046300 58133297910600 1346 
length_finished 1 58133297959000
length_finished 2 58133297964100
task_info 3 58133279961400 58133379910500 1304 
task_info 2 58133279960800 58133379910500 1312 
task_info 4 58133279971600 58133379910500 1296 
length_finished 0 58133379955000
length_finished 1 58133379962600
task_info 2 58133178958300 58133279913900 1227 
length_finished 1 58133379971700
length_finished 2 58133379976100
length_finished 2 58133379979900
length_finished 3 58133379982000
length_finished 3 58133379997500
length_finished 4 58133380000300
task_info 1 58133298011400 58133398911800 1460 
length_finished 4 58133398956500
length_finished 5 58133398961200
length_finished 0 58133399015100
length_finished 1 58133399018700
length_finished 0 58133399036500
length_finished 1 58133399039600
length_finished 0 58133399053500
length_finished 1 58133399056100
task_info 4 58133379960000 58133480912200 1288 
task_info 2 58133379962500 58133480912700 1280 
task_info 3 58133380003700 58133480913000 1272 
length_finished 0 58133480956800
length_finished 1 58133480967300
task_info 1 58133399067500 58133499914600 1452 
length_finished 1 58133499966800
length_finished 2 58133499972900
task_info 3 58133480957900 58133581910600 1338 
task_info 4 58133480988700 58133581910600 1256 
length_finished 0 58133581956400
length_finished 1 58133581961300
task_info 1 58133500020700 58133599911700 1248 
length_finished 1 58133599966600
length_finished 2 58133599971900
task_info 4 58133581960200 58133681911900 1444 
length_finished 0 58133681956500
task_info 2 58133581957200 58133681911900 1330 
length_finished 1 58133681961400
task_info 1 58133600014400 58133700909800 1322 
length_finished 1 58133700983100
length_finished 2 58133700993900
task_info 2 58133480961300 58133581910600 1264 
length_finished 0 58133701048900
length_finished 1 58133701054500
length_finished 0 58133701074700
length_finished 1 58133701087500
task_info 2 58133681963800 58133782911500 1306 
task_info 4 58133681970200 58133782911500 1298 
task_info 3 58133681956600 58133782911500 1314 
length_finished 0 58133782952300
length_finished 1 58133782958100
task_info 1 58133701104400 58133800956600 1232 
length_finished 1 58133801019600
length_finished 2 58133801028900
task_info 4 58133782954500 58133882912700 1436 
task_info 3 58133581976200 58133681911900 1240 
task_info 1 58133801071900 58133901924400 1290 
task_info 3 58133882963300 58133983912800 1282 
task_info 3 58133782957500 58133882911400 1224 
task_info 4 58133882962200 58133983913000 1216 
task_info 2 58133782977300 58133882912100 1428 
task_info 1 58133901982400 58134002913300 1412 
task_info 4 58133983957700 58134083911300 1274 
task_info 2 58133983962200 58134083911300 1258 
task_info 3 58133983959200 58134083911300 1266 
task_info 2 58133882963300 58133983913100 1420 
length_finished 0 58133882954100
length_finished 1 58134083976600
length_finished 1 58134083996900
length_finished 2 58134084018800
length_finished 2 58134084027500
length_finished 3 58134084031400
length_finished 3 58134084036700
length_finished 4 58134084040100
length_finished 4 58134084045100
length_finished 5 58134084050300
length_finished 5 58134084055400
length_finished 6 58134084058700
length_finished 6 58134084063800
length_finished 7 58134084068900
length_finished 7 58134084073700
length_finished 8 58134084082500
length_finished 8 58134084087400
length_finished 9 58134084090600
task_info 1 58134002977600 58134102958100 1250 
length_finished 9 58134103018600
length_finished 10 58134103023100
length_finished 0 58134103096100
length_finished 1 58134103100100
length_finished 0 58134103114900
length_finished 1 58134103117900
length_finished 0 58134103134500
length_finished 1 58134103137300
task_info 3 58134083971900 58134184910100 1396 
task_info 2 58134084095200 58134184910100 1388 
task_info 4 58134083963000 58134184910100 1404 
length_finished 0 58134184957900
length_finished 1 58134184963200
length_finished 1 58134184972400
length_finished 2 58134184975100
length_finished 2 58134184981400
length_finished 3 58134184989600
task_info 1 58134103148800 58134203911000 1244 
length_finished 3 58134203952200
length_finished 4 58134203956300
length_finished 0 58134204009000
length_finished 1 58134204013000
length_finished 0 58134204028400
length_finished 1 58134204031400
length_finished 0 58134204045500
length_finished 1 58134204048600
length_finished 0 58134204062800
length_finished 1 58134204066000
task_info 4 58134184964400 58134285912200 1372 
task_info 3 58134184993600 58134285913700 1364 
task_info 2 58134184963900 58134285912100 1380 
length_finished 0 58134285958000
length_finished 1 58134285963000
task_info 1 58134204079500 58134303914900 1356 
length_finished 1 58134303958800
length_finished 2 58134303963600
length_finished 0 58134304007600
length_finished 1 58134304011600
length_finished 0 58134304032600
length_finished 1 58134304035800
task_info 2 58134285962600 58134385912600 1226 
task_info 3 58134285961500 58134385913000 1234 
length_finished 0 58134385956800
length_finished 1 58134385961600
length_finished 1 58134385969800
length_finished 2 58134385972600
length_finished 2 58134385976200
length_finished 3 58134385980300
task_info 4 58134285970900 58134385912500 1348 
length_finished 3 58134385983900
length_finished 4 58134385986200
length_finished 4 58134385989400
length_finished 5 58134385991600
task_info 1 58134304048400 58134404967700 1218 
length_finished 5 58134405027500
length_finished 6 58134405039600
length_finished 0 58134405116500
length_finished 1 58134405122000
task_info 3 58134385967400 58134486912400 1340 
task_info 4 58134385960300 58134486912600 1332 
length_finished 0 58134486966200
length_finished 1 58134486971800
task_info 1 58134405139400 58134504909900 1316 
length_finished 1 58134504958400
length_finished 2 58134504963800
task_info 2 58134385994800 58134486911600 1324 
length_finished 0 58134505024000
length_finished 1 58134505029100
length_finished 0 58134505047100
length_finished 1 58134505051100
task_info 4 58134486956100 58134586912200 1300 
length_finished 0 58134586955400
length_finished 1 58134586960100
task_info 1 58134505066700 58134605913200 1284 
length_finished 1 58134605963600
length_finished 2 58134605969500
task_info 3 58134486978900 58134586912500 1292 
length_finished 0 58134606017100
length_finished 1 58134606021200
task_info 2 58134586956100 58134687911800 1268 
task_info 2 58134486954700 58134586912200 1308 
length_finished 0 58134687970000
length_finished 1 58134687980900
task_info 1 58134606034400 58134706915000 1252 
length_finished 1 58134706968100
length_finished 2 58134706978100
task_info 3 58134586956600 58134687911800 1276 
length_finished 0 58134707060900
length_finished 1 58134707069700
task_info 4 58134687973300 58134787911800 1236 
task_info 2 58134687989300 58134787911800 1228 
task_info 4 58134586968100 58134687911800 1260 
task_info 3 58134687973300 58134787911800 1242 
length_finished 0 58134787969400
length_finished 1 58134787980600
length_finished 1 58134787988200
length_finished 2 58134787996500
length_finished 2 58134788002100
length_finished 3 58134788008500
length_finished 3 58134788014200
length_finished 4 58134788019200
length_finished 4 58134788024100
length_finished 5 58134788026900
task_info 1 58134707099500 58134806909800 1220 
length_finished 5 58134806963300
length_finished 6 58134806968300
task_info 3 58134807003300 58134907914400 1608 
length_finished 0 58134907952800
length_finished 1 58134907957600
